<?xml version="1.0" encoding="UTF-8"?>
<testsuite name="Traductor de Google" tests="1" skipped="0" failures="0" errors="0" timestamp="2019-10-03T14:47:14" hostname="CHMEPPF0HDQQD" time="13.348">
  <properties/>
  <testcase name="Traducir de Inglés a Español" classname="Traductor de Google" time="13.348"/>
  <system-out><![CDATA[]]></system-out>
  <system-err><![CDATA[oct 03, 2019 9:47:14 AM org.openqa.selenium.remote.DesiredCapabilities chrome
INFORMACIÓN: Using `new ChromeOptions()` is preferred to `DesiredCapabilities.chrome()`
Starting ChromeDriver 77.0.3865.40 (f484704e052e0b556f8030b65b953dce96503217-refs/branch-heads/3865@{#442}) on port 24826
Only local connections are allowed.
Please protect ports used by ChromeDriver and related test frameworks to prevent access by malicious code.
[1570114042.291][WARNING]: Timed out connecting to Chrome, retrying...
oct 03, 2019 9:47:24 AM org.openqa.selenium.remote.ProtocolHandshake createSession
INFORMACIÓN: Detected dialect: W3C
[Test worker] INFO net.serenitybdd.core.Serenity - 
        __    _____ _____ ____ _____   ____   _    ____  ____  _____ ____  
  _     \ \  |_   _| ____/ ___|_   _| |  _ \ / \  / ___|/ ___|| ____|  _ \ 
 (_)_____| |   | | |  _| \___ \ | |   | |_) / _ \ \___ \\___ \|  _| | | | |
  _|_____| |   | | | |___ ___) || |   |  __/ ___ \ ___) |___) | |___| |_| |
 (_)     | |   |_| |_____|____/ |_|   |_| /_/   \_\____/|____/|_____|____/ 
        /_/                                                                

TEST PASSED: Traducir de Inglés a Español
----------------------------------------------------------------------------
]]></system-err>
</testsuite>
